<?xml version="1.0" encoding="UTF-8" ?>
<testsuite failures="0" time="2.59" errors="0" skipped="0" tests="8" name="com.maven.MyFirstMavenProject.MavenRunnerTest">
  <properties>
    <property name="java.runtime.name" value="Java(TM) SE Runtime Environment"/>
    <property name="sun.boot.library.path" value="/Library/Java/JavaVirtualMachines/jdk1.7.0_79.jdk/Contents/Home/jre/lib"/>
    <property name="java.vm.version" value="24.79-b02"/>
    <property name="user.country.format" value="GB"/>
    <property name="gopherProxySet" value="false"/>
    <property name="java.vm.vendor" value="Oracle Corporation"/>
    <property name="java.vendor.url" value="http://java.oracle.com/"/>
    <property name="path.separator" value=":"/>
    <property name="java.vm.name" value="Java HotSpot(TM) 64-Bit Server VM"/>
    <property name="file.encoding.pkg" value="sun.io"/>
    <property name="user.country" value="US"/>
    <property name="sun.java.launcher" value="SUN_STANDARD"/>
    <property name="sun.os.patch.level" value="unknown"/>
    <property name="java.vm.specification.name" value="Java Virtual Machine Specification"/>
    <property name="user.dir" value="/Users/friend/Documents/workspace/MyFirstMavenProject"/>
    <property name="java.runtime.version" value="1.7.0_79-b15"/>
    <property name="java.awt.graphicsenv" value="sun.awt.CGraphicsEnvironment"/>
    <property name="basedir" value="/Users/friend/Documents/workspace/MyFirstMavenProject"/>
    <property name="java.endorsed.dirs" value="/Library/Java/JavaVirtualMachines/jdk1.7.0_79.jdk/Contents/Home/jre/lib/endorsed"/>
    <property name="os.arch" value="x86_64"/>
    <property name="surefire.real.class.path" value="/Users/friend/Documents/workspace/MyFirstMavenProject/target/surefire/surefirebooter4569257737947828272.jar"/>
    <property name="java.io.tmpdir" value="/var/folders/5f/81jxqqy13jz4481sndh5wp7r0000gp/T/"/>
    <property name="line.separator" value="
"/>
    <property name="java.vm.specification.vendor" value="Oracle Corporation"/>
    <property name="os.name" value="Mac OS X"/>
    <property name="sun.jnu.encoding" value="UTF-8"/>
    <property name="java.library.path" value="/Users/friend/Library/Java/Extensions:/Library/Java/Extensions:/Network/Library/Java/Extensions:/System/Library/Java/Extensions:/usr/lib/java:."/>
    <property name="surefire.test.class.path" value="/Users/friend/Documents/workspace/MyFirstMavenProject/target/test-classes:/Users/friend/Documents/workspace/MyFirstMavenProject/target/classes:/Users/friend/.m2/repository/junit/junit/4.11/junit-4.11.jar:/Users/friend/.m2/repository/org/hamcrest/hamcrest-core/1.3/hamcrest-core-1.3.jar:/Users/friend/.m2/repository/info/cukes/cucumber-junit/1.1.2/cucumber-junit-1.1.2.jar:/Users/friend/.m2/repository/info/cukes/cucumber-core/1.1.2/cucumber-core-1.1.2.jar:/Users/friend/.m2/repository/info/cukes/cucumber-java/1.1.2/cucumber-java-1.1.2.jar:/Users/friend/.m2/repository/info/cukes/cucumber-picocontainer/1.1.2/cucumber-picocontainer-1.1.2.jar:"/>
    <property name="java.specification.name" value="Java Platform API Specification"/>
    <property name="java.class.version" value="51.0"/>
    <property name="sun.management.compiler" value="HotSpot 64-Bit Tiered Compilers"/>
    <property name="os.version" value="10.7.5"/>
    <property name="http.nonProxyHosts" value="local|*.local|169.254/16|*.169.254/16"/>
    <property name="user.home" value="/Users/friend"/>
    <property name="user.timezone" value="Europe/London"/>
    <property name="java.awt.printerjob" value="sun.lwawt.macosx.CPrinterJob"/>
    <property name="java.specification.version" value="1.7"/>
    <property name="file.encoding" value="UTF-8"/>
    <property name="user.name" value="friend"/>
    <property name="java.class.path" value="/Users/friend/Documents/workspace/MyFirstMavenProject/target/test-classes:/Users/friend/Documents/workspace/MyFirstMavenProject/target/classes:/Users/friend/.m2/repository/junit/junit/4.11/junit-4.11.jar:/Users/friend/.m2/repository/org/hamcrest/hamcrest-core/1.3/hamcrest-core-1.3.jar:/Users/friend/.m2/repository/info/cukes/cucumber-junit/1.1.2/cucumber-junit-1.1.2.jar:/Users/friend/.m2/repository/info/cukes/cucumber-core/1.1.2/cucumber-core-1.1.2.jar:/Users/friend/.m2/repository/info/cukes/cucumber-java/1.1.2/cucumber-java-1.1.2.jar:/Users/friend/.m2/repository/info/cukes/cucumber-picocontainer/1.1.2/cucumber-picocontainer-1.1.2.jar:"/>
    <property name="java.vm.specification.version" value="1.7"/>
    <property name="sun.arch.data.model" value="64"/>
    <property name="java.home" value="/Library/Java/JavaVirtualMachines/jdk1.7.0_79.jdk/Contents/Home/jre"/>
    <property name="sun.java.command" value="/Users/friend/Documents/workspace/MyFirstMavenProject/target/surefire/surefirebooter4569257737947828272.jar /Users/friend/Documents/workspace/MyFirstMavenProject/target/surefire/surefire2033830170051759352tmp /Users/friend/Documents/workspace/MyFirstMavenProject/target/surefire/surefire429646052494298263tmp"/>
    <property name="java.specification.vendor" value="Oracle Corporation"/>
    <property name="user.language" value="en"/>
    <property name="awt.toolkit" value="sun.lwawt.macosx.LWCToolkit"/>
    <property name="java.vm.info" value="mixed mode"/>
    <property name="java.version" value="1.7.0_79"/>
    <property name="java.ext.dirs" value="/Users/friend/Library/Java/Extensions:/Library/Java/JavaVirtualMachines/jdk1.7.0_79.jdk/Contents/Home/jre/lib/ext:/Library/Java/Extensions:/Network/Library/Java/Extensions:/System/Library/Java/Extensions:/usr/lib/java"/>
    <property name="sun.boot.class.path" value="/Library/Java/JavaVirtualMachines/jdk1.7.0_79.jdk/Contents/Home/jre/lib/resources.jar:/Library/Java/JavaVirtualMachines/jdk1.7.0_79.jdk/Contents/Home/jre/lib/rt.jar:/Library/Java/JavaVirtualMachines/jdk1.7.0_79.jdk/Contents/Home/jre/lib/sunrsasign.jar:/Library/Java/JavaVirtualMachines/jdk1.7.0_79.jdk/Contents/Home/jre/lib/jsse.jar:/Library/Java/JavaVirtualMachines/jdk1.7.0_79.jdk/Contents/Home/jre/lib/jce.jar:/Library/Java/JavaVirtualMachines/jdk1.7.0_79.jdk/Contents/Home/jre/lib/charsets.jar:/Library/Java/JavaVirtualMachines/jdk1.7.0_79.jdk/Contents/Home/jre/lib/jfr.jar:/Library/Java/JavaVirtualMachines/jdk1.7.0_79.jdk/Contents/Home/jre/classes"/>
    <property name="java.vendor" value="Oracle Corporation"/>
    <property name="localRepository" value="/Users/friend/.m2/repository"/>
    <property name="file.separator" value="/"/>
    <property name="java.vendor.url.bug" value="http://bugreport.sun.com/bugreport/"/>
    <property name="sun.cpu.endian" value="little"/>
    <property name="sun.io.unicode.encoding" value="UnicodeBig"/>
    <property name="socksNonProxyHosts" value="local|*.local|169.254/16|*.169.254/16"/>
    <property name="ftp.nonProxyHosts" value="local|*.local|169.254/16|*.169.254/16"/>
    <property name="sun.cpu.isalist" value=""/>
  </properties>
  <testcase time="0.001" classname="Scenario: Maven application test" name="Given I want to check given in application"/>
  <testcase time="0.001" classname="Scenario: Maven application test" name="When I check when in application"/>
  <testcase time="0" classname="Scenario: Maven application test" name="Then it should check then in application"/>
  <testcase time="0.001" classname="Scenario: Maven application test" name="Scenario: Maven application test"/>
  <testcase time="0" classname="Scenario: Maven module test" name="Given I want to check given in module"/>
  <testcase time="0" classname="Scenario: Maven module test" name="When I check when in module"/>
  <testcase time="0" classname="Scenario: Maven module test" name="Then it should check then in module"/>
  <testcase time="0.001" classname="Scenario: Maven module test" name="Scenario: Maven module test"/>
</testsuite>